app/build/intermediates/manifest_merge_blame_file/debug/manifest-merger-blame-debug-report.txt
1<?xml version="1.0" encoding="utf-8"?>
2<manifest xmlns:android="http://schemas.android.com/apk/res/android"
3    package="com.example.theretrocourse"
4    android:versionCode="1"
5    android:versionName="1.0" >
6
7    <uses-sdk
8        android:minSdkVersion="15"
8-->src\main\AndroidManifest.xml
9        android:targetSdkVersion="29" />
9-->src\main\AndroidManifest.xml
10
11    <application
11-->src\main\AndroidManifest.xml:5:5-29:19
12        android:allowBackup="true"
12-->src\main\AndroidManifest.xml:6:9-35
13        android:appComponentFactory="androidx.core.app.CoreComponentFactory"
13-->[androidx.core:core:1.1.0] AndroidManifest.xml:24:18-86
14        android:debuggable="true"
15        android:icon="@mipmap/ic_launcher"
15-->src\main\AndroidManifest.xml:7:9-43
16        android:label="@string/app_name"
16-->src\main\AndroidManifest.xml:8:9-41
17        android:roundIcon="@mipmap/ic_launcher_round"
17-->src\main\AndroidManifest.xml:9:9-54
18        android:supportsRtl="true"
18-->src\main\AndroidManifest.xml:10:9-35
19        android:testOnly="true"
20        android:theme="@style/AppTheme" >
20-->src\main\AndroidManifest.xml:11:9-40
21        <activity android:name="com.example.theretrocourse.AnAnswer" />
21-->src\main\AndroidManifest.xml:12:9-55
21-->src\main\AndroidManifest.xml:12:19-43
22        <activity android:name="com.example.theretrocourse.seeStudentAnswers" />
22-->src\main\AndroidManifest.xml:13:9-55
22-->src\main\AndroidManifest.xml:13:19-52
23        <activity android:name="com.example.theretrocourse.seeCreatedCourse" />
23-->src\main\AndroidManifest.xml:14:9-54
23-->src\main\AndroidManifest.xml:14:19-51
24        <activity android:name="com.example.theretrocourse.CourseCRUDY" />
24-->src\main\AndroidManifest.xml:15:9-49
24-->src\main\AndroidManifest.xml:15:19-46
25        <activity android:name="com.example.theretrocourse.EvaluationStudent" />
25-->src\main\AndroidManifest.xml:16:9-55
25-->src\main\AndroidManifest.xml:16:19-52
26        <activity android:name="com.example.theretrocourse.AdminMainPage" />
26-->src\main\AndroidManifest.xml:17:9-51
26-->src\main\AndroidManifest.xml:17:19-48
27        <activity android:name="com.example.theretrocourse.StudentMainPage" />
27-->src\main\AndroidManifest.xml:18:9-53
27-->src\main\AndroidManifest.xml:18:19-50
28        <activity android:name="com.example.theretrocourse.Creation" />
28-->src\main\AndroidManifest.xml:19:9-46
28-->src\main\AndroidManifest.xml:19:19-43
29        <activity android:name="com.example.theretrocourse.TeacherMainPAge" />
29-->src\main\AndroidManifest.xml:20:9-53
29-->src\main\AndroidManifest.xml:20:19-50
30        <activity android:name="com.example.theretrocourse.Login" />
30-->src\main\AndroidManifest.xml:21:9-43
30-->src\main\AndroidManifest.xml:21:19-40
31        <activity android:name="com.example.theretrocourse.MainActivity" >
31-->src\main\AndroidManifest.xml:22:9-28:20
31-->src\main\AndroidManifest.xml:22:19-47
32            <intent-filter>
32-->src\main\AndroidManifest.xml:23:13-27:29
33                <action android:name="android.intent.action.MAIN" />
33-->src\main\AndroidManifest.xml:24:17-69
33-->src\main\AndroidManifest.xml:24:25-66
34
35                <category android:name="android.intent.category.LAUNCHER" />
35-->src\main\AndroidManifest.xml:26:17-77
35-->src\main\AndroidManifest.xml:26:27-74
36            </intent-filter>
37        </activity>
38    </application>
39
40</manifest>